{
  "stats": {
    "suites": 1,
    "tests": 1,
    "passes": 0,
    "pending": 0,
    "failures": 1,
    "start": "2026-01-11T12:33:50.670Z",
    "end": "2026-01-11T12:33:59.084Z",
    "duration": 8414,
    "testsRegistered": 1,
    "passPercent": 0,
    "pendingPercent": 0,
    "other": 0,
    "hasOther": false,
    "skipped": 0,
    "hasSkipped": false
  },
  "results": [
    {
      "uuid": "eeed8c21-00c5-42c9-a029-13f2bbd1a860",
      "title": "",
      "fullFile": "cypress/e2e/D19_ScreenShotAndVideo.cy.js",
      "file": "cypress/e2e/D19_ScreenShotAndVideo.cy.js",
      "beforeHooks": [],
      "afterHooks": [],
      "tests": [],
      "suites": [
        {
          "uuid": "e31412e3-d1f8-4aa0-9565-04d286561d93",
          "title": "Capture ScreenShot And Video",
          "fullFile": "",
          "file": "",
          "beforeHooks": [],
          "afterHooks": [],
          "tests": [
            {
              "title": "Capture Scrren shot via Code",
              "fullTitle": "Capture ScreenShot And Video Capture Scrren shot via Code",
              "timedOut": null,
              "duration": 5832,
              "state": "failed",
              "speed": null,
              "pass": false,
              "fail": true,
              "pending": false,
              "context": null,
              "code": "cy.visit(\"https://practicetestautomation.com/practice/\");\n//Capture Screenshot and Video\n/*\ncy.screenshot(\"homepage\");\ncy.get(\".post-title\").screenshot(\"Title\");\n*/\ncy.get(\".post-title\").contains(\"PracticeS\");",
              "err": {
                "message": "AssertionError: Timed out retrying after 4000ms: Expected to find content: 'PracticeS' within the element: <h1.post-title> but never did.",
                "estack": "AssertionError: Timed out retrying after 4000ms: Expected to find content: 'PracticeS' within the element: <h1.post-title> but never did.\n    at Context.eval (webpack://cypressautomation/./cypress/e2e/D19_ScreenShotAndVideo.cy.js:16:26)",
                "diff": null
              },
              "uuid": "705f258b-fa98-40df-b15b-b766af0537d7",
              "parentUUID": "e31412e3-d1f8-4aa0-9565-04d286561d93",
              "isHook": false,
              "skipped": false
            }
          ],
          "suites": [],
          "passes": [],
          "failures": [
            "705f258b-fa98-40df-b15b-b766af0537d7"
          ],
          "pending": [],
          "skipped": [],
          "duration": 5832,
          "root": false,
          "rootEmpty": false,
          "_timeout": 2000
        }
      ],
      "passes": [],
      "failures": [],
      "pending": [],
      "skipped": [],
      "duration": 0,
      "root": true,
      "rootEmpty": true,
      "_timeout": 2000
    }
  ],
  "meta": {
    "mocha": {
      "version": "7.2.0"
    },
    "mochawesome": {
      "options": {
        "quiet": false,
        "reportFilename": "mochawesome",
        "saveHtml": false,
        "saveJson": true,
        "consoleReporter": "spec",
        "useInlineDiffs": false,
        "code": true
      },
      "version": "7.1.4"
    },
    "marge": {
      "options": {
        "reportDir": "cypress/reports",
        "overwrite": false,
        "html": false,
        "json": true
      },
      "version": "6.3.2"
    }
  }
}